# JRE version: OpenJDK Runtime Environment (8.0_152-b02) (build 1.8.0_152-release-1024-b02)
# Java VM: OpenJDK 64-Bit Server VM (25.152-b02 mixed mode windows-amd64 compressed oops)
Heap:
 PSYoungGen      total 321536K, used 124133K [0x00000000e0000000, 0x00000000f6700000, 0x0000000100000000)
  eden space 290816K, 38% used [0x00000000e0000000,0x00000000e6c07160,0x00000000f1c00000)
  from space 30720K, 43% used [0x00000000f4900000,0x00000000f5632520,0x00000000f6700000)
  to   space 38400K, 0% used [0x00000000f1c00000,0x00000000f1c00000,0x00000000f4180000)
 ParOldGen       total 262144K, used 88502K [0x00000000a0000000, 0x00000000b0000000, 0x00000000e0000000)
  object space 262144K, 33% used [0x00000000a0000000,0x00000000a566d998,0x00000000b0000000)
 Metaspace       used 83837K, capacity 88034K, committed 88280K, reserved 1126400K
  class space    used 10860K, capacity 11681K, committed 11776K, reserved 1048576K
GC Heap History (10 events):
Event: 390.484 GC heap before
{Heap before GC invocations=15 (full 3):
 PSYoungGen      total 207360K, used 206660K [0x00000000e0000000, 0x00000000ef300000, 0x0000000100000000)
  eden space 179712K, 99% used [0x00000000e0000000,0x00000000eaed4300,0x00000000eaf80000)
  from space 27648K, 99% used [0x00000000ed380000,0x00000000eee7cd88,0x00000000eee80000)
  to   space 4608K, 0% used [0x00000000eee80000,0x00000000eee80000,0x00000000ef300000)
 ParOldGen       total 262144K, used 47117K [0x00000000a0000000, 0x00000000b0000000, 0x00000000e0000000)
  object space 262144K, 17% used [0x00000000a0000000,0x00000000a2e03658,0x00000000b0000000)
 Metaspace       used 71811K, capacity 74096K, committed 74328K, reserved 1114112K
  class space    used 9334K, capacity 9837K, committed 9856K, reserved 1048576K
Event: 390.505 GC heap after
Heap after GC invocations=15 (full 3):
 PSYoungGen      total 209920K, used 4580K [0x00000000e0000000, 0x00000000f2600000, 0x0000000100000000)
  eden space 205312K, 0% used [0x00000000e0000000,0x00000000e0000000,0x00000000ec880000)
  from space 4608K, 99% used [0x00000000eee80000,0x00000000ef2f9030,0x00000000ef300000)
  to   space 38912K, 0% used [0x00000000ec880000,0x00000000ec880000,0x00000000eee80000)
 ParOldGen       total 262144K, used 75970K [0x00000000a0000000, 0x00000000b0000000, 0x00000000e0000000)
  object space 262144K, 28% used [0x00000000a0000000,0x00000000a4a30a10,0x00000000b0000000)
 Metaspace       used 71811K, capacity 74096K, committed 74328K, reserved 1114112K
  class space    used 9334K, capacity 9837K, committed 9856K, reserved 1048576K
}
Event: 390.525 GC heap before
{Heap before GC invocations=16 (full 3):
 PSYoungGen      total 209920K, used 208996K [0x00000000e0000000, 0x00000000f2600000, 0x0000000100000000)
  eden space 205312K, 99% used [0x00000000e0000000,0x00000000ec7a00a0,0x00000000ec880000)
  from space 4608K, 99% used [0x00000000eee80000,0x00000000ef2f9030,0x00000000ef300000)
  to   space 38912K, 0% used [0x00000000ec880000,0x00000000ec880000,0x00000000eee80000)
 ParOldGen       total 262144K, used 75970K [0x00000000a0000000, 0x00000000b0000000, 0x00000000e0000000)
  object space 262144K, 28% used [0x00000000a0000000,0x00000000a4a30a10,0x00000000b0000000)
 Metaspace       used 71819K, capacity 74096K, committed 74328K, reserved 1114112K
  class space    used 9334K, capacity 9837K, committed 9856K, reserved 1048576K
Event: 390.530 GC heap after
Heap after GC invocations=16 (full 3):
 PSYoungGen      total 244224K, used 256K [0x00000000e0000000, 0x00000000f7000000, 0x0000000100000000)
  eden space 205312K, 0% used [0x00000000e0000000,0x00000000e0000000,0x00000000ec880000)
  from space 38912K, 0% used [0x00000000ec880000,0x00000000ec8c0000,0x00000000eee80000)
  to   space 39936K, 0% used [0x00000000f4900000,0x00000000f4900000,0x00000000f7000000)
 ParOldGen       total 262144K, used 80622K [0x00000000a0000000, 0x00000000b0000000, 0x00000000e0000000)
  object space 262144K, 30% used [0x00000000a0000000,0x00000000a4ebb9d0,0x00000000b0000000)
 Metaspace       used 71819K, capacity 74096K, committed 74328K, reserved 1114112K
  class space    used 9334K, capacity 9837K, committed 9856K, reserved 1048576K
}
Event: 392.270 GC heap before
{Heap before GC invocations=17 (full 3):
 PSYoungGen      total 244224K, used 205568K [0x00000000e0000000, 0x00000000f7000000, 0x0000000100000000)
  eden space 205312K, 100% used [0x00000000e0000000,0x00000000ec880000,0x00000000ec880000)
  from space 38912K, 0% used [0x00000000ec880000,0x00000000ec8c0000,0x00000000eee80000)
  to   space 39936K, 0% used [0x00000000f4900000,0x00000000f4900000,0x00000000f7000000)
 ParOldGen       total 262144K, used 80622K [0x00000000a0000000, 0x00000000b0000000, 0x00000000e0000000)
  object space 262144K, 30% used [0x00000000a0000000,0x00000000a4ebb9d0,0x00000000b0000000)
 Metaspace       used 80053K, capacity 83606K, committed 83928K, reserved 1122304K
  class space    used 10466K, capacity 11165K, committed 11264K, reserved 1048576K
Event: 392.283 GC heap after
Heap after GC invocations=17 (full 3):
 PSYoungGen      total 321536K, used 12514K [0x00000000e0000000, 0x00000000f6700000, 0x0000000100000000)
  eden space 290816K, 0% used [0x00000000e0000000,0x00000000e0000000,0x00000000f1c00000)
  from space 30720K, 40% used [0x00000000f4900000,0x00000000f5538bf0,0x00000000f6700000)
  to   space 38400K, 0% used [0x00000000f1c00000,0x00000000f1c00000,0x00000000f4180000)
 ParOldGen       total 262144K, used 80662K [0x00000000a0000000, 0x00000000b0000000, 0x00000000e0000000)
  object space 262144K, 30% used [0x00000000a0000000,0x00000000a4ec59d0,0x00000000b0000000)
 Metaspace       used 80053K, capacity 83606K, committed 83928K, reserved 1122304K
  class space    used 10466K, capacity 11165K, committed 11264K, reserved 1048576K
}
Event: 401.523 GC heap before
{Heap before GC invocations=18 (full 3):
 PSYoungGen      total 321536K, used 303330K [0x00000000e0000000, 0x00000000f6700000, 0x0000000100000000)
  eden space 290816K, 100% used [0x00000000e0000000,0x00000000f1c00000,0x00000000f1c00000)
  from space 30720K, 40% used [0x00000000f4900000,0x00000000f5538bf0,0x00000000f6700000)
  to   space 38400K, 0% used [0x00000000f1c00000,0x00000000f1c00000,0x00000000f4180000)
 ParOldGen       total 262144K, used 80662K [0x00000000a0000000, 0x00000000b0000000, 0x00000000e0000000)
  object space 262144K, 30% used [0x00000000a0000000,0x00000000a4ec59d0,0x00000000b0000000)
 Metaspace       used 83104K, capacity 87144K, committed 87384K, reserved 1124352K
  class space    used 10795K, capacity 11578K, committed 11648K, reserved 1048576K
Event: 401.543 GC heap after
Heap after GC invocations=18 (full 3):
 PSYoungGen      total 329216K, used 8477K [0x00000000e0000000, 0x00000000f6700000, 0x0000000100000000)
  eden space 290816K, 0% used [0x00000000e0000000,0x00000000e0000000,0x00000000f1c00000)
  from space 38400K, 22% used [0x00000000f1c00000,0x00000000f2447598,0x00000000f4180000)
  to   space 30720K, 0% used [0x00000000f4900000,0x00000000f4900000,0x00000000f6700000)
 ParOldGen       total 262144K, used 82742K [0x00000000a0000000, 0x00000000b0000000, 0x00000000e0000000)
  object space 262144K, 31% used [0x00000000a0000000,0x00000000a50cd838,0x00000000b0000000)
 Metaspace       used 83104K, capacity 87144K, committed 87384K, reserved 1124352K
  class space    used 10795K, capacity 11578K, committed 11648K, reserved 1048576K
}
Event: 405.126 GC heap before
{Heap before GC invocations=19 (full 3):
 PSYoungGen      total 329216K, used 299293K [0x00000000e0000000, 0x00000000f6700000, 0x0000000100000000)
  eden space 290816K, 100% used [0x00000000e0000000,0x00000000f1c00000,0x00000000f1c00000)
  from space 38400K, 22% used [0x00000000f1c00000,0x00000000f2447598,0x00000000f4180000)
  to   space 30720K, 0% used [0x00000000f4900000,0x00000000f4900000,0x00000000f6700000)
 ParOldGen       total 262144K, used 82742K [0x00000000a0000000, 0x00000000b0000000, 0x00000000e0000000)
  object space 262144K, 31% used [0x00000000a0000000,0x00000000a50cd838,0x00000000b0000000)
 Metaspace       used 83835K, capacity 88034K, committed 88280K, reserved 1126400K
  class space    used 10860K, capacity 11681K, committed 11776K, reserved 1048576K
Event: 405.146 GC heap after
Heap after GC invocations=19 (full 3):
 PSYoungGen      total 321536K, used 13513K [0x00000000e0000000, 0x00000000f6700000, 0x0000000100000000)
  eden space 290816K, 0% used [0x00000000e0000000,0x00000000e0000000,0x00000000f1c00000)
  from space 30720K, 43% used [0x00000000f4900000,0x00000000f5632520,0x00000000f6700000)
  to   space 38400K, 0% used [0x00000000f1c00000,0x00000000f1c00000,0x00000000f4180000)
 ParOldGen       total 262144K, used 88502K [0x00000000a0000000, 0x00000000b0000000, 0x00000000e0000000)
  object space 262144K, 33% used [0x00000000a0000000,0x00000000a566d998,0x00000000b0000000)
 Metaspace       used 83835K, capacity 88034K, committed 88280K, reserved 1126400K
  class space    used 10860K, capacity 11681K, committed 11776K, reserved 1048576K
}

