# JRE version: OpenJDK Runtime Environment (8.0_152-b01) (build 1.8.0_152-release-915-b01)
# Java VM: OpenJDK 64-Bit Server VM (25.152-b01 mixed mode windows-amd64 compressed oops)
Heap:
 PSYoungGen      total 432640K, used 329576K [0x00000000e0000000, 0x00000000ff900000, 0x0000000100000000)
  eden space 348672K, 88% used [0x00000000e0000000,0x00000000f2c00bf8,0x00000000f5480000)
  from space 83968K, 26% used [0x00000000f5480000,0x00000000f6a59730,0x00000000fa680000)
  to   space 80896K, 0% used [0x00000000faa00000,0x00000000faa00000,0x00000000ff900000)
 ParOldGen       total 367104K, used 177356K [0x00000000a0000000, 0x00000000b6680000, 0x00000000e0000000)
  object space 367104K, 48% used [0x00000000a0000000,0x00000000aad332e0,0x00000000b6680000)
 Metaspace       used 93432K, capacity 104584K, committed 104908K, reserved 1138688K
  class space    used 11699K, capacity 14665K, committed 14836K, reserved 1048576K
GC Heap History (10 events):
Event: 14161.618 GC heap before
{Heap before GC invocations=93 (full 4):
 PSYoungGen      total 433152K, used 354907K [0x00000000e0000000, 0x0000000100000000, 0x0000000100000000)
  eden space 343040K, 100% used [0x00000000e0000000,0x00000000f4f00000,0x00000000f4f00000)
  from space 90112K, 13% used [0x00000000fa800000,0x00000000fb396e00,0x0000000100000000)
  to   space 90624K, 0% used [0x00000000f4f00000,0x00000000f4f00000,0x00000000fa780000)
 ParOldGen       total 367104K, used 176305K [0x00000000a0000000, 0x00000000b6680000, 0x00000000e0000000)
  object space 367104K, 48% used [0x00000000a0000000,0x00000000aac2c620,0x00000000b6680000)
 Metaspace       used 93113K, capacity 103942K, committed 104524K, reserved 1138688K
  class space    used 11649K, capacity 14499K, committed 14708K, reserved 1048576K
Event: 14161.639 GC heap after
Heap after GC invocations=93 (full 4):
 PSYoungGen      total 366592K, used 23094K [0x00000000e0000000, 0x00000000ffc80000, 0x0000000100000000)
  eden space 343040K, 0% used [0x00000000e0000000,0x00000000e0000000,0x00000000f4f00000)
  from space 23552K, 98% used [0x00000000f4f00000,0x00000000f658dae8,0x00000000f6600000)
  to   space 88576K, 0% used [0x00000000fa600000,0x00000000fa600000,0x00000000ffc80000)
 ParOldGen       total 367104K, used 176781K [0x00000000a0000000, 0x00000000b6680000, 0x00000000e0000000)
  object space 367104K, 48% used [0x00000000a0000000,0x00000000aaca3630,0x00000000b6680000)
 Metaspace       used 93113K, capacity 103942K, committed 104524K, reserved 1138688K
  class space    used 11649K, capacity 14499K, committed 14708K, reserved 1048576K
}
Event: 14185.408 GC heap before
{Heap before GC invocations=94 (full 4):
 PSYoungGen      total 366592K, used 366134K [0x00000000e0000000, 0x00000000ffc80000, 0x0000000100000000)
  eden space 343040K, 100% used [0x00000000e0000000,0x00000000f4f00000,0x00000000f4f00000)
  from space 23552K, 98% used [0x00000000f4f00000,0x00000000f658dae8,0x00000000f6600000)
  to   space 88576K, 0% used [0x00000000fa600000,0x00000000fa600000,0x00000000ffc80000)
 ParOldGen       total 367104K, used 176781K [0x00000000a0000000, 0x00000000b6680000, 0x00000000e0000000)
  object space 367104K, 48% used [0x00000000a0000000,0x00000000aaca3630,0x00000000b6680000)
 Metaspace       used 93180K, capacity 104126K, committed 104524K, reserved 1138688K
  class space    used 11661K, capacity 14539K, committed 14708K, reserved 1048576K
Event: 14185.416 GC heap after
Heap after GC invocations=94 (full 4):
 PSYoungGen      total 432640K, used 13285K [0x00000000e0000000, 0x0000000100000000, 0x0000000100000000)
  eden space 344064K, 0% used [0x00000000e0000000,0x00000000e0000000,0x00000000f5000000)
  from space 88576K, 14% used [0x00000000fa600000,0x00000000fb2f9710,0x00000000ffc80000)
  to   space 88064K, 0% used [0x00000000f5000000,0x00000000f5000000,0x00000000fa600000)
 ParOldGen       total 367104K, used 176845K [0x00000000a0000000, 0x00000000b6680000, 0x00000000e0000000)
  object space 367104K, 48% used [0x00000000a0000000,0x00000000aacb3630,0x00000000b6680000)
 Metaspace       used 93180K, capacity 104126K, committed 104524K, reserved 1138688K
  class space    used 11661K, capacity 14539K, committed 14708K, reserved 1048576K
}
Event: 14187.965 GC heap before
{Heap before GC invocations=95 (full 4):
 PSYoungGen      total 432640K, used 357349K [0x00000000e0000000, 0x0000000100000000, 0x0000000100000000)
  eden space 344064K, 100% used [0x00000000e0000000,0x00000000f5000000,0x00000000f5000000)
  from space 88576K, 14% used [0x00000000fa600000,0x00000000fb2f9710,0x00000000ffc80000)
  to   space 88064K, 0% used [0x00000000f5000000,0x00000000f5000000,0x00000000fa600000)
 ParOldGen       total 367104K, used 176845K [0x00000000a0000000, 0x00000000b6680000, 0x00000000e0000000)
  object space 367104K, 48% used [0x00000000a0000000,0x00000000aacb3630,0x00000000b6680000)
 Metaspace       used 93231K, capacity 104212K, committed 104524K, reserved 1138688K
  class space    used 11665K, capacity 14545K, committed 14708K, reserved 1048576K
Event: 14187.981 GC heap after
Heap after GC invocations=95 (full 4):
 PSYoungGen      total 432128K, used 41547K [0x00000000e0000000, 0x00000000ff980000, 0x0000000100000000)
  eden space 344064K, 0% used [0x00000000e0000000,0x00000000e0000000,0x00000000f5000000)
  from space 88064K, 47% used [0x00000000f5000000,0x00000000f7892cd0,0x00000000fa600000)
  to   space 84992K, 0% used [0x00000000fa680000,0x00000000fa680000,0x00000000ff980000)
 ParOldGen       total 367104K, used 177013K [0x00000000a0000000, 0x00000000b6680000, 0x00000000e0000000)
  object space 367104K, 48% used [0x00000000a0000000,0x00000000aacdd500,0x00000000b6680000)
 Metaspace       used 93231K, capacity 104212K, committed 104524K, reserved 1138688K
  class space    used 11665K, capacity 14545K, committed 14708K, reserved 1048576K
}
Event: 14247.351 GC heap before
{Heap before GC invocations=96 (full 4):
 PSYoungGen      total 432128K, used 385611K [0x00000000e0000000, 0x00000000ff980000, 0x0000000100000000)
  eden space 344064K, 100% used [0x00000000e0000000,0x00000000f5000000,0x00000000f5000000)
  from space 88064K, 47% used [0x00000000f5000000,0x00000000f7892cd0,0x00000000fa600000)
  to   space 84992K, 0% used [0x00000000fa680000,0x00000000fa680000,0x00000000ff980000)
 ParOldGen       total 367104K, used 177013K [0x00000000a0000000, 0x00000000b6680000, 0x00000000e0000000)
  object space 367104K, 48% used [0x00000000a0000000,0x00000000aacdd500,0x00000000b6680000)
 Metaspace       used 93303K, capacity 104340K, committed 104908K, reserved 1138688K
  class space    used 11677K, capacity 14585K, committed 14836K, reserved 1048576K
Event: 14247.362 GC heap after
Heap after GC invocations=96 (full 4):
 PSYoungGen      total 433664K, used 13900K [0x00000000e0000000, 0x00000000ffb00000, 0x0000000100000000)
  eden space 348672K, 0% used [0x00000000e0000000,0x00000000e0000000,0x00000000f5480000)
  from space 84992K, 16% used [0x00000000fa680000,0x00000000fb413248,0x00000000ff980000)
  to   space 83968K, 0% used [0x00000000f5480000,0x00000000f5480000,0x00000000fa680000)
 ParOldGen       total 367104K, used 177184K [0x00000000a0000000, 0x00000000b6680000, 0x00000000e0000000)
  object space 367104K, 48% used [0x00000000a0000000,0x00000000aad083d8,0x00000000b6680000)
 Metaspace       used 93303K, capacity 104340K, committed 104908K, reserved 1138688K
  class space    used 11677K, capacity 14585K, committed 14836K, reserved 1048576K
}
Event: 14302.436 GC heap before
{Heap before GC invocations=97 (full 4):
 PSYoungGen      total 433664K, used 362572K [0x00000000e0000000, 0x00000000ffb00000, 0x0000000100000000)
  eden space 348672K, 100% used [0x00000000e0000000,0x00000000f5480000,0x00000000f5480000)
  from space 84992K, 16% used [0x00000000fa680000,0x00000000fb413248,0x00000000ff980000)
  to   space 83968K, 0% used [0x00000000f5480000,0x00000000f5480000,0x00000000fa680000)
 ParOldGen       total 367104K, used 177184K [0x00000000a0000000, 0x00000000b6680000, 0x00000000e0000000)
  object space 367104K, 48% used [0x00000000a0000000,0x00000000aad083d8,0x00000000b6680000)
 Metaspace       used 93365K, capacity 104460K, committed 104908K, reserved 1138688K
  class space    used 11688K, capacity 14625K, committed 14836K, reserved 1048576K
Event: 14302.448 GC heap after
Heap after GC invocations=97 (full 4):
 PSYoungGen      total 432640K, used 22373K [0x00000000e0000000, 0x00000000ff900000, 0x0000000100000000)
  eden space 348672K, 0% used [0x00000000e0000000,0x00000000e0000000,0x00000000f5480000)
  from space 83968K, 26% used [0x00000000f5480000,0x00000000f6a59730,0x00000000fa680000)
  to   space 80896K, 0% used [0x00000000faa00000,0x00000000faa00000,0x00000000ff900000)
 ParOldGen       total 367104K, used 177356K [0x00000000a0000000, 0x00000000b6680000, 0x00000000e0000000)
  object space 367104K, 48% used [0x00000000a0000000,0x00000000aad332e0,0x00000000b6680000)
 Metaspace       used 93365K, capacity 104460K, committed 104908K, reserved 1138688K
  class space    used 11688K, capacity 14625K, committed 14836K, reserved 1048576K
}

