# JRE version: OpenJDK Runtime Environment (8.0_152-b02) (build 1.8.0_152-release-1024-b02)
# Java VM: OpenJDK 64-Bit Server VM (25.152-b02 mixed mode windows-amd64 compressed oops)
Heap:
 PSYoungGen      total 487936K, used 418800K [0x00000000e0000000, 0x0000000100000000, 0x0000000100000000)
  eden space 454656K, 87% used [0x00000000e0000000,0x00000000f84bac58,0x00000000fbc00000)
  from space 33280K, 62% used [0x00000000fdd00000,0x00000000ff141558,0x00000000ffd80000)
  to   space 33792K, 0% used [0x00000000fbc00000,0x00000000fbc00000,0x00000000fdd00000)
 ParOldGen       total 387072K, used 85312K [0x00000000a0000000, 0x00000000b7a00000, 0x00000000e0000000)
  object space 387072K, 22% used [0x00000000a0000000,0x00000000a53501d8,0x00000000b7a00000)
 Metaspace       used 95762K, capacity 100684K, committed 102144K, reserved 1138688K
  class space    used 11936K, capacity 12873K, committed 13312K, reserved 1048576K
GC Heap History (10 events):
Event: 2257.880 GC heap before
{Heap before GC invocations=26 (full 3):
 PSYoungGen      total 482816K, used 295384K [0x00000000e0000000, 0x00000000ffb00000, 0x0000000100000000)
  eden space 452608K, 62% used [0x00000000e0000000,0x00000000f1403738,0x00000000fba00000)
  from space 30208K, 42% used [0x00000000fdd80000,0x00000000fe9f2c40,0x00000000ffb00000)
  to   space 33280K, 0% used [0x00000000fba00000,0x00000000fba00000,0x00000000fda80000)
 ParOldGen       total 258048K, used 101706K [0x00000000a0000000, 0x00000000afc00000, 0x00000000e0000000)
  object space 258048K, 39% used [0x00000000a0000000,0x00000000a6352858,0x00000000afc00000)
 Metaspace       used 92567K, capacity 98154K, committed 98304K, reserved 1134592K
  class space    used 11854K, capacity 12930K, committed 13056K, reserved 1048576K
Event: 2257.899 GC heap after
Heap after GC invocations=26 (full 3):
 PSYoungGen      total 485888K, used 23040K [0x00000000e0000000, 0x0000000100000000, 0x0000000100000000)
  eden space 452608K, 0% used [0x00000000e0000000,0x00000000e0000000,0x00000000fba00000)
  from space 33280K, 69% used [0x00000000fba00000,0x00000000fd0801c0,0x00000000fda80000)
  to   space 34816K, 0% used [0x00000000fde00000,0x00000000fde00000,0x0000000100000000)
 ParOldGen       total 258048K, used 101714K [0x00000000a0000000, 0x00000000afc00000, 0x00000000e0000000)
  object space 258048K, 39% used [0x00000000a0000000,0x00000000a6354858,0x00000000afc00000)
 Metaspace       used 92567K, capacity 98154K, committed 98304K, reserved 1134592K
  class space    used 11854K, capacity 12930K, committed 13056K, reserved 1048576K
}
Event: 2257.899 GC heap before
{Heap before GC invocations=27 (full 4):
 PSYoungGen      total 485888K, used 23040K [0x00000000e0000000, 0x0000000100000000, 0x0000000100000000)
  eden space 452608K, 0% used [0x00000000e0000000,0x00000000e0000000,0x00000000fba00000)
  from space 33280K, 69% used [0x00000000fba00000,0x00000000fd0801c0,0x00000000fda80000)
  to   space 34816K, 0% used [0x00000000fde00000,0x00000000fde00000,0x0000000100000000)
 ParOldGen       total 258048K, used 101714K [0x00000000a0000000, 0x00000000afc00000, 0x00000000e0000000)
  object space 258048K, 39% used [0x00000000a0000000,0x00000000a6354858,0x00000000afc00000)
 Metaspace       used 92567K, capacity 98154K, committed 98304K, reserved 1134592K
  class space    used 11854K, capacity 12930K, committed 13056K, reserved 1048576K
Event: 2258.192 GC heap after
Heap after GC invocations=27 (full 4):
 PSYoungGen      total 485888K, used 0K [0x00000000e0000000, 0x0000000100000000, 0x0000000100000000)
  eden space 452608K, 0% used [0x00000000e0000000,0x00000000e0000000,0x00000000fba00000)
  from space 33280K, 0% used [0x00000000fba00000,0x00000000fba00000,0x00000000fda80000)
  to   space 34816K, 0% used [0x00000000fde00000,0x00000000fde00000,0x0000000100000000)
 ParOldGen       total 387072K, used 85288K [0x00000000a0000000, 0x00000000b7a00000, 0x00000000e0000000)
  object space 387072K, 22% used [0x00000000a0000000,0x00000000a534a1d8,0x00000000b7a00000)
 Metaspace       used 91503K, capacity 95608K, committed 98304K, reserved 1134592K
  class space    used 11546K, capacity 12403K, committed 13056K, reserved 1048576K
}
Event: 2383.448 GC heap before
{Heap before GC invocations=28 (full 4):
 PSYoungGen      total 485888K, used 452608K [0x00000000e0000000, 0x0000000100000000, 0x0000000100000000)
  eden space 452608K, 100% used [0x00000000e0000000,0x00000000fba00000,0x00000000fba00000)
  from space 33280K, 0% used [0x00000000fba00000,0x00000000fba00000,0x00000000fda80000)
  to   space 34816K, 0% used [0x00000000fde00000,0x00000000fde00000,0x0000000100000000)
 ParOldGen       total 387072K, used 85288K [0x00000000a0000000, 0x00000000b7a00000, 0x00000000e0000000)
  object space 387072K, 22% used [0x00000000a0000000,0x00000000a534a1d8,0x00000000b7a00000)
 Metaspace       used 92190K, capacity 96564K, committed 98816K, reserved 1134592K
  class space    used 11613K, capacity 12481K, committed 13056K, reserved 1048576K
Event: 2383.459 GC heap after
Heap after GC invocations=28 (full 4):
 PSYoungGen      total 489984K, used 19722K [0x00000000e0000000, 0x0000000100000000, 0x0000000100000000)
  eden space 455168K, 0% used [0x00000000e0000000,0x00000000e0000000,0x00000000fbc80000)
  from space 34816K, 56% used [0x00000000fde00000,0x00000000ff142be8,0x0000000100000000)
  to   space 34304K, 0% used [0x00000000fbc80000,0x00000000fbc80000,0x00000000fde00000)
 ParOldGen       total 387072K, used 85296K [0x00000000a0000000, 0x00000000b7a00000, 0x00000000e0000000)
  object space 387072K, 22% used [0x00000000a0000000,0x00000000a534c1d8,0x00000000b7a00000)
 Metaspace       used 92190K, capacity 96564K, committed 98816K, reserved 1134592K
  class space    used 11613K, capacity 12481K, committed 13056K, reserved 1048576K
}
Event: 2408.956 GC heap before
{Heap before GC invocations=29 (full 4):
 PSYoungGen      total 489984K, used 474890K [0x00000000e0000000, 0x0000000100000000, 0x0000000100000000)
  eden space 455168K, 100% used [0x00000000e0000000,0x00000000fbc80000,0x00000000fbc80000)
  from space 34816K, 56% used [0x00000000fde00000,0x00000000ff142be8,0x0000000100000000)
  to   space 34304K, 0% used [0x00000000fbc80000,0x00000000fbc80000,0x00000000fde00000)
 ParOldGen       total 387072K, used 85296K [0x00000000a0000000, 0x00000000b7a00000, 0x00000000e0000000)
  object space 387072K, 22% used [0x00000000a0000000,0x00000000a534c1d8,0x00000000b7a00000)
 Metaspace       used 92826K, capacity 97656K, committed 99328K, reserved 1136640K
  class space    used 11682K, capacity 12609K, committed 13056K, reserved 1048576K
Event: 2408.968 GC heap after
Heap after GC invocations=29 (full 4):
 PSYoungGen      total 473088K, used 17901K [0x00000000e0000000, 0x00000000ffd80000, 0x0000000100000000)
  eden space 455168K, 0% used [0x00000000e0000000,0x00000000e0000000,0x00000000fbc80000)
  from space 17920K, 99% used [0x00000000fbc80000,0x00000000fcdfb500,0x00000000fce00000)
  to   space 33280K, 0% used [0x00000000fdd00000,0x00000000fdd00000,0x00000000ffd80000)
 ParOldGen       total 387072K, used 85304K [0x00000000a0000000, 0x00000000b7a00000, 0x00000000e0000000)
  object space 387072K, 22% used [0x00000000a0000000,0x00000000a534e1d8,0x00000000b7a00000)
 Metaspace       used 92826K, capacity 97656K, committed 99328K, reserved 1136640K
  class space    used 11682K, capacity 12609K, committed 13056K, reserved 1048576K
}
Event: 3439.986 GC heap before
{Heap before GC invocations=30 (full 4):
 PSYoungGen      total 473088K, used 473069K [0x00000000e0000000, 0x00000000ffd80000, 0x0000000100000000)
  eden space 455168K, 100% used [0x00000000e0000000,0x00000000fbc80000,0x00000000fbc80000)
  from space 17920K, 99% used [0x00000000fbc80000,0x00000000fcdfb500,0x00000000fce00000)
  to   space 33280K, 0% used [0x00000000fdd00000,0x00000000fdd00000,0x00000000ffd80000)
 ParOldGen       total 387072K, used 85304K [0x00000000a0000000, 0x00000000b7a00000, 0x00000000e0000000)
  object space 387072K, 22% used [0x00000000a0000000,0x00000000a534e1d8,0x00000000b7a00000)
 Metaspace       used 95375K, capacity 100142K, committed 101632K, reserved 1138688K
  class space    used 11921K, capacity 12848K, committed 13312K, reserved 1048576K
Event: 3440.004 GC heap after
Heap after GC invocations=30 (full 4):
 PSYoungGen      total 487936K, used 20741K [0x00000000e0000000, 0x0000000100000000, 0x0000000100000000)
  eden space 454656K, 0% used [0x00000000e0000000,0x00000000e0000000,0x00000000fbc00000)
  from space 33280K, 62% used [0x00000000fdd00000,0x00000000ff141558,0x00000000ffd80000)
  to   space 33792K, 0% used [0x00000000fbc00000,0x00000000fbc00000,0x00000000fdd00000)
 ParOldGen       total 387072K, used 85312K [0x00000000a0000000, 0x00000000b7a00000, 0x00000000e0000000)
  object space 387072K, 22% used [0x00000000a0000000,0x00000000a53501d8,0x00000000b7a00000)
 Metaspace       used 95375K, capacity 100142K, committed 101632K, reserved 1138688K
  class space    used 11921K, capacity 12848K, committed 13312K, reserved 1048576K
}

